<?xml version="1.0" encoding="UTF-8"?>
<!-- Generated by org.testng.reporters.JUnitReportReporter -->
<testsuite hostname="LAPTOP-CDBB53HR" failures="0" tests="2" name="APITests" time="3.096" errors="0" timestamp="2024-08-04T22:34:25 IST" skipped="0">
  <testcase classname="APITests" name="test2" time="0.169"/>
  <testcase classname="APITests" name="test1" time="2.927"/>
</testsuite> <!-- APITests -->
